AESCryptoWithSelfDestruct  - 2020 - Android/files/build/intermediates/manifest_merge_blame_file/release/manifest-merger-blame-release-report.txt
1<?xml version="1.0" encoding="utf-8"?>
2<manifest xmlns:android="http://schemas.android.com/apk/res/android"
3    package="com.romankryvolapov.aescryptowithself_destruct"
4    android:versionCode="1"
5    android:versionName="1.0" >
6
7    <uses-sdk
8        android:minSdkVersion="22"
8-->src/main/AndroidManifest.xml
9        android:targetSdkVersion="29" />
9-->src/main/AndroidManifest.xml
10
11    <application
11-->src/main/AndroidManifest.xml:5:5-27:19
12        android:allowBackup="true"
12-->src/main/AndroidManifest.xml:6:9-35
13        android:appComponentFactory="androidx.core.app.CoreComponentFactory"
13-->[androidx.core:core:1.1.0] AndroidManifest.xml:24:18-86
14        android:icon="@mipmap/ic_launcher"
14-->src/main/AndroidManifest.xml:7:9-43
15        android:label="@string/app_name"
15-->src/main/AndroidManifest.xml:8:9-41
16        android:roundIcon="@mipmap/ic_launcher_round"
16-->src/main/AndroidManifest.xml:9:9-54
17        android:supportsRtl="true"
17-->src/main/AndroidManifest.xml:10:9-35
18        android:theme="@style/AppTheme" >
18-->src/main/AndroidManifest.xml:11:9-40
19        <activity
19-->src/main/AndroidManifest.xml:12:9-13:82
20            android:name="com.romankryvolapov.aescryptowithself_destruct.InternalActivity"
20-->src/main/AndroidManifest.xml:12:19-51
21            android:theme="@style/Theme.AppCompat.Light.NoActionBar" >
21-->src/main/AndroidManifest.xml:13:13-69
22>
23        </activity>
24        <activity
24-->src/main/AndroidManifest.xml:14:9-26:20
25            android:name="com.romankryvolapov.aescryptowithself_destruct.MainActivity"
25-->src/main/AndroidManifest.xml:15:13-41
26            android:theme="@style/Theme.AppCompat.Light.NoActionBar" >
26-->src/main/AndroidManifest.xml:16:13-69
27            <intent-filter>
27-->src/main/AndroidManifest.xml:17:13-25:29
28                <action android:name="android.intent.action.MAIN" />
28-->src/main/AndroidManifest.xml:18:17-69
28-->src/main/AndroidManifest.xml:18:25-66
29                <action android:name="android.intent.action.SEND" />
29-->src/main/AndroidManifest.xml:19:17-69
29-->src/main/AndroidManifest.xml:19:25-66
30
31                <category android:name="android.intent.category.LAUNCHER" />
31-->src/main/AndroidManifest.xml:21:17-77
31-->src/main/AndroidManifest.xml:21:27-74
32                <category android:name="android.intent.category.DEFAULT" />
32-->src/main/AndroidManifest.xml:22:17-76
32-->src/main/AndroidManifest.xml:22:27-73
33
34                <data android:mimeType="text/*" />
34-->src/main/AndroidManifest.xml:24:17-51
34-->src/main/AndroidManifest.xml:24:23-48
35            </intent-filter>
36        </activity>
37    </application>
38
39</manifest>